<?xml version="1.0" encoding="UTF-8"?>
<testsuite name="ru.stqa.pft.addressbook.tests.ContactDetailTests" tests="1" skipped="1" failures="0" errors="0" timestamp="2017-11-13T08:06:41" hostname="DESKTOP-4QDHNLS" time="0.0">
  <properties/>
  <testcase name="testContactDetail" classname="ru.stqa.pft.addressbook.tests.ContactDetailTests" time="0.0">
    <skipped/>
  </testcase>
  <system-out><![CDATA[]]></system-out>
  <system-err><![CDATA[]]></system-err>
</testsuite>
