<?xml version="1.0" encoding="UTF-8"?>
<testsuite name="ru.stqa.pft.addressbook.tests.ContactCreationTests" tests="3" skipped="0" failures="0" errors="0" timestamp="2017-11-13T08:52:00" hostname="DESKTOP-4QDHNLS" time="287.901">
  <properties/>
  <testcase name="ContactCreationTests[0](Contactdata{id=2147483647, firstname='Ivan0', lastname='Ivano0', address='Lvovskaya,0'})" classname="ru.stqa.pft.addressbook.tests.ContactCreationTests" time="113.508"/>
  <testcase name="ContactCreationTests[1](Contactdata{id=2147483647, firstname='Ivan1', lastname='Ivano1', address='Lvovskaya,1'})" classname="ru.stqa.pft.addressbook.tests.ContactCreationTests" time="81.407"/>
  <testcase name="ContactCreationTests[2](Contactdata{id=2147483647, firstname='Ivan2', lastname='Ivano2', address='Lvovskaya,2'})" classname="ru.stqa.pft.addressbook.tests.ContactCreationTests" time="92.984"/>
  <system-out><![CDATA[]]></system-out>
  <system-err><![CDATA[]]></system-err>
</testsuite>
