<?xml version="1.0" encoding="UTF-8"?>
<testsuite name="ru.stqa.pft.addressbook.tests.ContactEditTests" tests="1" skipped="0" failures="0" errors="0" timestamp="2017-11-13T08:56:48" hostname="DESKTOP-4QDHNLS" time="112.23">
  <properties/>
  <testcase name="testContactEdit" classname="ru.stqa.pft.addressbook.tests.ContactEditTests" time="112.23"/>
  <system-out><![CDATA[]]></system-out>
  <system-err><![CDATA[]]></system-err>
</testsuite>
